2022-05-04 20:14:34,442 [Worker-1] INFO  c.g.t.t.d.PublishedGradleVersions - Gradle version information cache is up-to-date. Trying to read.
2022-05-04 20:15:39,631 [main] INFO  o.e.m.c.i.p.ProjectConfigurationManager - Update started
2022-05-04 20:15:46,548 [main] INFO  o.e.m.c.i.l.LifecycleMappingFactory - Using org.maven.ide.eclipse.wtp.WarLifecycleMapping lifecycle mapping for MavenProject: 1234:myboard:1.0.0 @ C:\eGovFrameDev-3.7.0-64bit\boardself\myboard\pom.xml.
2022-05-04 20:15:51,532 [main] INFO  o.e.m.j.i.AbstractJavaProjectConfigurator - Adding source folder /myboard/src/main/java
2022-05-04 20:15:51,534 [main] INFO  o.e.m.j.i.AbstractJavaProjectConfigurator - Adding resource folder /myboard/src/main/resources
2022-05-04 20:15:51,548 [main] INFO  o.e.m.j.i.AbstractJavaProjectConfigurator - Adding source folder /myboard/src/test/java
2022-05-04 20:15:51,550 [main] INFO  o.e.m.j.i.AbstractJavaProjectConfigurator - Adding resource folder /myboard/src/test/resources
2022-05-04 20:15:56,671 [main] INFO  o.e.m.w.i.f.ResourceFilteringBuildParticipant - Cleaning filtered folder for myboard
2022-05-04 20:15:56,824 [main] INFO  o.e.m.c.i.p.ProjectConfigurationManager - Update completed: 17 sec
2022-05-04 20:16:02,171 [Worker-17] INFO  o.e.m.c.i.l.LifecycleMappingFactory - Using org.maven.ide.eclipse.wtp.WarLifecycleMapping lifecycle mapping for MavenProject: 1234:myboard:1.0.0 @ C:\eGovFrameDev-3.7.0-64bit\boardself\myboard\pom.xml.
2022-05-04 20:16:08,278 [Worker-1] WARN  o.e.m.c.i.embedder.EclipseLogger - Using platform encoding (UTF-8 actually) to copy filtered resources, i.e. build is platform dependent!
2022-05-04 20:16:08,301 [Worker-1] INFO  o.e.m.c.i.embedder.EclipseLogger - Copying 18 resources
2022-05-04 20:16:08,459 [Worker-1] WARN  o.e.m.c.i.embedder.EclipseLogger - Using platform encoding (UTF-8 actually) to copy filtered resources, i.e. build is platform dependent!
2022-05-04 20:16:08,461 [Worker-1] INFO  o.e.m.c.i.embedder.EclipseLogger - Copying 0 resource
2022-05-04 20:18:52,550 [Worker-16] WARN  o.e.m.c.i.embedder.EclipseLogger - Using platform encoding (UTF-8 actually) to copy filtered resources, i.e. build is platform dependent!
2022-05-04 20:18:52,654 [Worker-16] INFO  o.e.m.c.i.embedder.EclipseLogger - Copying 18 resources
2022-05-04 20:18:52,671 [Worker-16] WARN  o.e.m.c.i.embedder.EclipseLogger - Using platform encoding (UTF-8 actually) to copy filtered resources, i.e. build is platform dependent!
2022-05-04 20:18:52,674 [Worker-16] INFO  o.e.m.c.i.embedder.EclipseLogger - Copying 0 resource
2022-05-04 20:19:29,175 [Worker-6] WARN  o.e.m.c.i.embedder.EclipseLogger - Using platform encoding (UTF-8 actually) to copy filtered resources, i.e. build is platform dependent!
2022-05-04 20:19:29,217 [Worker-6] INFO  o.e.m.c.i.embedder.EclipseLogger - Copying 18 resources
2022-05-04 20:19:29,227 [Worker-6] WARN  o.e.m.c.i.embedder.EclipseLogger - Using platform encoding (UTF-8 actually) to copy filtered resources, i.e. build is platform dependent!
2022-05-04 20:19:29,230 [Worker-6] INFO  o.e.m.c.i.embedder.EclipseLogger - Copying 0 resource
2022-05-04 20:19:43,507 [Worker-4] WARN  o.e.m.c.i.embedder.EclipseLogger - Using platform encoding (UTF-8 actually) to copy filtered resources, i.e. build is platform dependent!
2022-05-04 20:19:43,522 [Worker-4] INFO  o.e.m.c.i.embedder.EclipseLogger - Copying 18 resources
2022-05-04 20:19:43,539 [Worker-4] WARN  o.e.m.c.i.embedder.EclipseLogger - Using platform encoding (UTF-8 actually) to copy filtered resources, i.e. build is platform dependent!
2022-05-04 20:19:43,542 [Worker-4] INFO  o.e.m.c.i.embedder.EclipseLogger - Copying 0 resource
2022-05-04 20:20:00,517 [Worker-2] WARN  o.e.m.c.i.embedder.EclipseLogger - Using platform encoding (UTF-8 actually) to copy filtered resources, i.e. build is platform dependent!
2022-05-04 20:20:00,528 [Worker-2] INFO  o.e.m.c.i.embedder.EclipseLogger - Copying 18 resources
2022-05-04 20:20:00,536 [Worker-2] WARN  o.e.m.c.i.embedder.EclipseLogger - Using platform encoding (UTF-8 actually) to copy filtered resources, i.e. build is platform dependent!
2022-05-04 20:20:00,539 [Worker-2] INFO  o.e.m.c.i.embedder.EclipseLogger - Copying 0 resource
2022-05-04 20:31:21,597 [Worker-21] WARN  o.e.m.c.i.embedder.EclipseLogger - Using platform encoding (UTF-8 actually) to copy filtered resources, i.e. build is platform dependent!
2022-05-04 20:31:21,622 [Worker-21] INFO  o.e.m.c.i.embedder.EclipseLogger - Copying 18 resources
2022-05-04 20:31:21,637 [Worker-21] WARN  o.e.m.c.i.embedder.EclipseLogger - Using platform encoding (UTF-8 actually) to copy filtered resources, i.e. build is platform dependent!
2022-05-04 20:31:21,642 [Worker-21] INFO  o.e.m.c.i.embedder.EclipseLogger - Copying 0 resource
2022-05-04 20:31:32,891 [Worker-19] WARN  o.e.m.c.i.embedder.EclipseLogger - Using platform encoding (UTF-8 actually) to copy filtered resources, i.e. build is platform dependent!
2022-05-04 20:31:32,904 [Worker-19] INFO  o.e.m.c.i.embedder.EclipseLogger - Copying 18 resources
2022-05-04 20:31:32,915 [Worker-19] WARN  o.e.m.c.i.embedder.EclipseLogger - Using platform encoding (UTF-8 actually) to copy filtered resources, i.e. build is platform dependent!
2022-05-04 20:31:32,918 [Worker-19] INFO  o.e.m.c.i.embedder.EclipseLogger - Copying 0 resource
2022-05-04 20:50:57,025 [Worker-1] WARN  o.e.m.c.i.embedder.EclipseLogger - Using platform encoding (UTF-8 actually) to copy filtered resources, i.e. build is platform dependent!
2022-05-04 20:50:57,061 [Worker-1] INFO  o.e.m.c.i.embedder.EclipseLogger - Copying 18 resources
2022-05-04 20:50:57,074 [Worker-1] WARN  o.e.m.c.i.embedder.EclipseLogger - Using platform encoding (UTF-8 actually) to copy filtered resources, i.e. build is platform dependent!
2022-05-04 20:50:57,076 [Worker-1] INFO  o.e.m.c.i.embedder.EclipseLogger - Copying 0 resource
2022-05-04 20:58:16,291 [Worker-24] WARN  o.e.m.c.i.embedder.EclipseLogger - Using platform encoding (UTF-8 actually) to copy filtered resources, i.e. build is platform dependent!
2022-05-04 20:58:16,318 [Worker-24] INFO  o.e.m.c.i.embedder.EclipseLogger - Copying 18 resources
2022-05-04 20:58:16,335 [Worker-24] WARN  o.e.m.c.i.embedder.EclipseLogger - Using platform encoding (UTF-8 actually) to copy filtered resources, i.e. build is platform dependent!
2022-05-04 20:58:16,338 [Worker-24] INFO  o.e.m.c.i.embedder.EclipseLogger - Copying 0 resource
2022-05-04 20:58:30,791 [Worker-19] WARN  o.e.m.c.i.embedder.EclipseLogger - Using platform encoding (UTF-8 actually) to copy filtered resources, i.e. build is platform dependent!
2022-05-04 20:58:30,808 [Worker-19] INFO  o.e.m.c.i.embedder.EclipseLogger - Copying 18 resources
2022-05-04 20:58:30,820 [Worker-19] WARN  o.e.m.c.i.embedder.EclipseLogger - Using platform encoding (UTF-8 actually) to copy filtered resources, i.e. build is platform dependent!
2022-05-04 20:58:30,822 [Worker-19] INFO  o.e.m.c.i.embedder.EclipseLogger - Copying 0 resource
2022-05-05 22:32:40,345 [Worker-28] WARN  o.e.m.c.i.embedder.EclipseLogger - Using platform encoding (UTF-8 actually) to copy filtered resources, i.e. build is platform dependent!
2022-05-05 22:32:40,403 [Worker-28] INFO  o.e.m.c.i.embedder.EclipseLogger - Copying 18 resources
2022-05-05 22:32:40,435 [Worker-28] WARN  o.e.m.c.i.embedder.EclipseLogger - Using platform encoding (UTF-8 actually) to copy filtered resources, i.e. build is platform dependent!
2022-05-05 22:32:40,438 [Worker-28] INFO  o.e.m.c.i.embedder.EclipseLogger - Copying 0 resource
2022-05-06 20:10:58,645 [Worker-2] INFO  c.g.t.t.d.PublishedGradleVersions - Gradle version information cache is out-of-date. Trying to update.
2022-05-06 20:29:19,950 [Worker-22] WARN  o.e.m.c.i.embedder.EclipseLogger - Using platform encoding (UTF-8 actually) to copy filtered resources, i.e. build is platform dependent!
2022-05-06 20:29:19,969 [Worker-22] INFO  o.e.m.c.i.embedder.EclipseLogger - Copying 18 resources
2022-05-06 20:29:20,000 [Worker-22] WARN  o.e.m.c.i.embedder.EclipseLogger - Using platform encoding (UTF-8 actually) to copy filtered resources, i.e. build is platform dependent!
2022-05-06 20:29:20,004 [Worker-22] INFO  o.e.m.c.i.embedder.EclipseLogger - Copying 0 resource
2022-05-06 20:30:59,159 [Worker-24] WARN  o.e.m.c.i.embedder.EclipseLogger - Using platform encoding (UTF-8 actually) to copy filtered resources, i.e. build is platform dependent!
2022-05-06 20:30:59,183 [Worker-24] INFO  o.e.m.c.i.embedder.EclipseLogger - Copying 0 resource
2022-05-06 20:30:59,188 [Worker-24] WARN  o.e.m.c.i.embedder.EclipseLogger - Using platform encoding (UTF-8 actually) to copy filtered resources, i.e. build is platform dependent!
2022-05-06 20:30:59,192 [Worker-24] INFO  o.e.m.c.i.embedder.EclipseLogger - Copying 0 resource
2022-05-06 20:31:58,643 [Worker-26] WARN  o.e.m.c.i.embedder.EclipseLogger - Using platform encoding (UTF-8 actually) to copy filtered resources, i.e. build is platform dependent!
2022-05-06 20:31:58,683 [Worker-26] INFO  o.e.m.c.i.embedder.EclipseLogger - Copying 18 resources
2022-05-06 20:31:58,696 [Worker-26] WARN  o.e.m.c.i.embedder.EclipseLogger - Using platform encoding (UTF-8 actually) to copy filtered resources, i.e. build is platform dependent!
2022-05-06 20:31:58,699 [Worker-26] INFO  o.e.m.c.i.embedder.EclipseLogger - Copying 0 resource
2022-05-06 20:32:26,551 [Worker-8] WARN  o.e.m.c.i.embedder.EclipseLogger - Using platform encoding (UTF-8 actually) to copy filtered resources, i.e. build is platform dependent!
2022-05-06 20:32:26,562 [Worker-8] INFO  o.e.m.c.i.embedder.EclipseLogger - Copying 18 resources
2022-05-06 20:32:26,568 [Worker-8] WARN  o.e.m.c.i.embedder.EclipseLogger - Using platform encoding (UTF-8 actually) to copy filtered resources, i.e. build is platform dependent!
2022-05-06 20:32:26,570 [Worker-8] INFO  o.e.m.c.i.embedder.EclipseLogger - Copying 0 resource
2022-05-06 20:35:07,508 [Worker-26] WARN  o.e.m.c.i.embedder.EclipseLogger - Using platform encoding (UTF-8 actually) to copy filtered resources, i.e. build is platform dependent!
2022-05-06 20:35:07,511 [Worker-26] INFO  o.e.m.c.i.embedder.EclipseLogger - Copying 0 resource
2022-05-06 20:35:07,514 [Worker-26] WARN  o.e.m.c.i.embedder.EclipseLogger - Using platform encoding (UTF-8 actually) to copy filtered resources, i.e. build is platform dependent!
2022-05-06 20:35:07,520 [Worker-26] INFO  o.e.m.c.i.embedder.EclipseLogger - Copying 0 resource
2022-05-06 20:35:29,032 [Worker-22] WARN  o.e.m.c.i.embedder.EclipseLogger - Using platform encoding (UTF-8 actually) to copy filtered resources, i.e. build is platform dependent!
2022-05-06 20:35:29,042 [Worker-22] INFO  o.e.m.c.i.embedder.EclipseLogger - Copying 1 resource
2022-05-06 20:35:29,062 [Worker-22] WARN  o.e.m.c.i.embedder.EclipseLogger - Using platform encoding (UTF-8 actually) to copy filtered resources, i.e. build is platform dependent!
2022-05-06 20:35:29,065 [Worker-22] INFO  o.e.m.c.i.embedder.EclipseLogger - Copying 0 resource
2022-05-06 20:38:09,275 [Worker-29] WARN  o.e.m.c.i.embedder.EclipseLogger - Using platform encoding (UTF-8 actually) to copy filtered resources, i.e. build is platform dependent!
2022-05-06 20:38:09,283 [Worker-29] INFO  o.e.m.c.i.embedder.EclipseLogger - Copying 1 resource
2022-05-06 20:38:09,290 [Worker-29] WARN  o.e.m.c.i.embedder.EclipseLogger - Using platform encoding (UTF-8 actually) to copy filtered resources, i.e. build is platform dependent!
2022-05-06 20:38:09,293 [Worker-29] INFO  o.e.m.c.i.embedder.EclipseLogger - Copying 0 resource
2022-05-06 20:38:13,401 [Worker-29] WARN  o.e.m.c.i.embedder.EclipseLogger - Using platform encoding (UTF-8 actually) to copy filtered resources, i.e. build is platform dependent!
2022-05-06 20:38:13,405 [Worker-29] INFO  o.e.m.c.i.embedder.EclipseLogger - Copying 0 resource
2022-05-06 20:38:13,415 [Worker-29] WARN  o.e.m.c.i.embedder.EclipseLogger - Using platform encoding (UTF-8 actually) to copy filtered resources, i.e. build is platform dependent!
2022-05-06 20:38:13,419 [Worker-29] INFO  o.e.m.c.i.embedder.EclipseLogger - Copying 0 resource
2022-05-06 20:39:44,608 [Worker-26] WARN  o.e.m.c.i.embedder.EclipseLogger - Using platform encoding (UTF-8 actually) to copy filtered resources, i.e. build is platform dependent!
2022-05-06 20:39:44,620 [Worker-26] INFO  o.e.m.c.i.embedder.EclipseLogger - Copying 18 resources
2022-05-06 20:39:44,638 [Worker-26] WARN  o.e.m.c.i.embedder.EclipseLogger - Using platform encoding (UTF-8 actually) to copy filtered resources, i.e. build is platform dependent!
2022-05-06 20:39:44,649 [Worker-26] INFO  o.e.m.c.i.embedder.EclipseLogger - Copying 0 resource
2022-05-06 20:41:05,504 [Worker-30] WARN  o.e.m.c.i.embedder.EclipseLogger - Using platform encoding (UTF-8 actually) to copy filtered resources, i.e. build is platform dependent!
2022-05-06 20:41:05,517 [Worker-30] INFO  o.e.m.c.i.embedder.EclipseLogger - Copying 18 resources
2022-05-06 20:41:05,526 [Worker-30] WARN  o.e.m.c.i.embedder.EclipseLogger - Using platform encoding (UTF-8 actually) to copy filtered resources, i.e. build is platform dependent!
2022-05-06 20:41:05,530 [Worker-30] INFO  o.e.m.c.i.embedder.EclipseLogger - Copying 0 resource
2022-05-06 20:41:09,883 [Worker-28] WARN  o.e.m.c.i.embedder.EclipseLogger - Using platform encoding (UTF-8 actually) to copy filtered resources, i.e. build is platform dependent!
2022-05-06 20:41:09,894 [Worker-28] INFO  o.e.m.c.i.embedder.EclipseLogger - Copying 18 resources
2022-05-06 20:41:09,903 [Worker-28] WARN  o.e.m.c.i.embedder.EclipseLogger - Using platform encoding (UTF-8 actually) to copy filtered resources, i.e. build is platform dependent!
2022-05-06 20:41:09,906 [Worker-28] INFO  o.e.m.c.i.embedder.EclipseLogger - Copying 0 resource
2022-05-06 20:44:00,149 [Worker-24] WARN  o.e.m.c.i.embedder.EclipseLogger - Using platform encoding (UTF-8 actually) to copy filtered resources, i.e. build is platform dependent!
2022-05-06 20:44:00,167 [Worker-24] INFO  o.e.m.c.i.embedder.EclipseLogger - Copying 18 resources
2022-05-06 20:44:00,183 [Worker-24] WARN  o.e.m.c.i.embedder.EclipseLogger - Using platform encoding (UTF-8 actually) to copy filtered resources, i.e. build is platform dependent!
2022-05-06 20:44:00,187 [Worker-24] INFO  o.e.m.c.i.embedder.EclipseLogger - Copying 0 resource
2022-05-06 20:44:03,211 [Worker-27] WARN  o.e.m.c.i.embedder.EclipseLogger - Using platform encoding (UTF-8 actually) to copy filtered resources, i.e. build is platform dependent!
2022-05-06 20:44:03,222 [Worker-27] INFO  o.e.m.c.i.embedder.EclipseLogger - Copying 18 resources
2022-05-06 20:44:03,230 [Worker-27] WARN  o.e.m.c.i.embedder.EclipseLogger - Using platform encoding (UTF-8 actually) to copy filtered resources, i.e. build is platform dependent!
2022-05-06 20:44:03,232 [Worker-27] INFO  o.e.m.c.i.embedder.EclipseLogger - Copying 0 resource
2022-05-06 20:45:02,821 [Worker-27] WARN  o.e.m.c.i.embedder.EclipseLogger - Using platform encoding (UTF-8 actually) to copy filtered resources, i.e. build is platform dependent!
2022-05-06 20:45:02,856 [Worker-27] INFO  o.e.m.c.i.embedder.EclipseLogger - Copying 18 resources
2022-05-06 20:45:02,873 [Worker-27] WARN  o.e.m.c.i.embedder.EclipseLogger - Using platform encoding (UTF-8 actually) to copy filtered resources, i.e. build is platform dependent!
2022-05-06 20:45:02,877 [Worker-27] INFO  o.e.m.c.i.embedder.EclipseLogger - Copying 0 resource
2022-05-06 20:46:54,417 [Worker-24] WARN  o.e.m.c.i.embedder.EclipseLogger - Using platform encoding (UTF-8 actually) to copy filtered resources, i.e. build is platform dependent!
2022-05-06 20:46:54,428 [Worker-24] INFO  o.e.m.c.i.embedder.EclipseLogger - Copying 18 resources
2022-05-06 20:46:54,437 [Worker-24] WARN  o.e.m.c.i.embedder.EclipseLogger - Using platform encoding (UTF-8 actually) to copy filtered resources, i.e. build is platform dependent!
2022-05-06 20:46:54,441 [Worker-24] INFO  o.e.m.c.i.embedder.EclipseLogger - Copying 0 resource
2022-05-06 20:48:28,859 [Worker-32] WARN  o.e.m.c.i.embedder.EclipseLogger - Using platform encoding (UTF-8 actually) to copy filtered resources, i.e. build is platform dependent!
2022-05-06 20:48:28,876 [Worker-32] INFO  o.e.m.c.i.embedder.EclipseLogger - Copying 18 resources
2022-05-06 20:48:28,891 [Worker-32] WARN  o.e.m.c.i.embedder.EclipseLogger - Using platform encoding (UTF-8 actually) to copy filtered resources, i.e. build is platform dependent!
2022-05-06 20:48:28,895 [Worker-32] INFO  o.e.m.c.i.embedder.EclipseLogger - Copying 0 resource
2022-05-06 20:49:33,906 [Worker-32] WARN  o.e.m.c.i.embedder.EclipseLogger - Using platform encoding (UTF-8 actually) to copy filtered resources, i.e. build is platform dependent!
2022-05-06 20:49:33,919 [Worker-32] INFO  o.e.m.c.i.embedder.EclipseLogger - Copying 18 resources
2022-05-06 20:49:33,933 [Worker-32] WARN  o.e.m.c.i.embedder.EclipseLogger - Using platform encoding (UTF-8 actually) to copy filtered resources, i.e. build is platform dependent!
2022-05-06 20:49:33,938 [Worker-32] INFO  o.e.m.c.i.embedder.EclipseLogger - Copying 0 resource
2022-05-06 20:50:03,733 [Worker-30] WARN  o.e.m.c.i.embedder.EclipseLogger - Using platform encoding (UTF-8 actually) to copy filtered resources, i.e. build is platform dependent!
2022-05-06 20:50:03,744 [Worker-30] INFO  o.e.m.c.i.embedder.EclipseLogger - Copying 18 resources
2022-05-06 20:50:03,753 [Worker-30] WARN  o.e.m.c.i.embedder.EclipseLogger - Using platform encoding (UTF-8 actually) to copy filtered resources, i.e. build is platform dependent!
2022-05-06 20:50:03,755 [Worker-30] INFO  o.e.m.c.i.embedder.EclipseLogger - Copying 0 resource
2022-05-06 20:52:38,628 [Worker-30] WARN  o.e.m.c.i.embedder.EclipseLogger - Using platform encoding (UTF-8 actually) to copy filtered resources, i.e. build is platform dependent!
2022-05-06 20:52:38,642 [Worker-30] INFO  o.e.m.c.i.embedder.EclipseLogger - Copying 18 resources
2022-05-06 20:52:38,650 [Worker-30] WARN  o.e.m.c.i.embedder.EclipseLogger - Using platform encoding (UTF-8 actually) to copy filtered resources, i.e. build is platform dependent!
2022-05-06 20:52:38,658 [Worker-30] INFO  o.e.m.c.i.embedder.EclipseLogger - Copying 0 resource
2022-05-06 20:55:24,942 [Worker-28] WARN  o.e.m.c.i.embedder.EclipseLogger - Using platform encoding (UTF-8 actually) to copy filtered resources, i.e. build is platform dependent!
2022-05-06 20:55:24,953 [Worker-28] INFO  o.e.m.c.i.embedder.EclipseLogger - Copying 18 resources
2022-05-06 20:55:24,962 [Worker-28] WARN  o.e.m.c.i.embedder.EclipseLogger - Using platform encoding (UTF-8 actually) to copy filtered resources, i.e. build is platform dependent!
2022-05-06 20:55:24,964 [Worker-28] INFO  o.e.m.c.i.embedder.EclipseLogger - Copying 0 resource
2022-05-06 20:56:43,728 [Worker-29] WARN  o.e.r.models.ModelRepository - Failed to download org.eclipse.recommenders:index::zip:0.0.0
org.eclipse.aether.resolution.ArtifactResolutionException: Could not find artifact org.eclipse.recommenders:index:zip:0.0.0-SNAPSHOT in models (http://download.eclipse.org/recommenders/models/neon/)
	at org.eclipse.aether.internal.impl.DefaultArtifactResolver.resolve(DefaultArtifactResolver.java:444) ~[na:na]
	at org.eclipse.aether.internal.impl.DefaultArtifactResolver.resolveArtifacts(DefaultArtifactResolver.java:246) ~[na:na]
	at org.eclipse.aether.internal.impl.DefaultArtifactResolver.resolveArtifact(DefaultArtifactResolver.java:223) ~[na:na]
	at org.eclipse.aether.internal.impl.DefaultRepositorySystem.resolveArtifact(DefaultRepositorySystem.java:294) ~[na:na]
	at org.eclipse.recommenders.models.ModelRepository.resolveInternal(ModelRepository.java:193) [org.eclipse.recommenders.models_2.4.6.v20170307-1041.jar:na]
	at org.eclipse.recommenders.models.ModelRepository.resolve(ModelRepository.java:172) [org.eclipse.recommenders.models_2.4.6.v20170307-1041.jar:na]
	at org.eclipse.recommenders.internal.models.rcp.EclipseModelRepository.resolve(EclipseModelRepository.java:169) [org.eclipse.recommenders.models.rcp_2.4.6.v20170307-1041.jar:na]
	at org.eclipse.recommenders.internal.models.rcp.DownloadModelArchiveJob.run(DownloadModelArchiveJob.java:76) [org.eclipse.recommenders.models.rcp_2.4.6.v20170307-1041.jar:na]
	at org.eclipse.core.internal.jobs.Worker.run(Worker.java:55) [org.eclipse.core.jobs_3.8.0.v20160509-0411.jar:na]
Caused by: org.eclipse.aether.transfer.ArtifactNotFoundException: Could not find artifact org.eclipse.recommenders:index:zip:0.0.0-SNAPSHOT in models (http://download.eclipse.org/recommenders/models/neon/)
	at org.eclipse.aether.connector.basic.ArtifactTransportListener.transferFailed(ArtifactTransportListener.java:39) ~[org.eclipse.aether.connector.basic_1.0.1.v20141111.jar:na]
	at org.eclipse.aether.connector.basic.BasicRepositoryConnector$TaskRunner.run(BasicRepositoryConnector.java:355) ~[org.eclipse.aether.connector.basic_1.0.1.v20141111.jar:na]
	at org.eclipse.aether.util.concurrency.RunnableErrorForwarder$1.run(RunnableErrorForwarder.java:67) ~[na:na]
	at org.eclipse.aether.connector.basic.BasicRepositoryConnector$DirectExecutor.execute(BasicRepositoryConnector.java:581) ~[org.eclipse.aether.connector.basic_1.0.1.v20141111.jar:na]
	at org.eclipse.aether.connector.basic.BasicRepositoryConnector.get(BasicRepositoryConnector.java:249) ~[org.eclipse.aether.connector.basic_1.0.1.v20141111.jar:na]
	at org.eclipse.aether.internal.impl.DefaultArtifactResolver.performDownloads(DefaultArtifactResolver.java:520) ~[na:na]
	at org.eclipse.aether.internal.impl.DefaultArtifactResolver.resolve(DefaultArtifactResolver.java:421) ~[na:na]
	... 8 common frames omitted
2022-05-06 20:57:01,826 [Worker-24] WARN  o.e.m.c.i.embedder.EclipseLogger - Using platform encoding (UTF-8 actually) to copy filtered resources, i.e. build is platform dependent!
2022-05-06 20:57:01,838 [Worker-24] INFO  o.e.m.c.i.embedder.EclipseLogger - Copying 18 resources
2022-05-06 20:57:01,852 [Worker-24] WARN  o.e.m.c.i.embedder.EclipseLogger - Using platform encoding (UTF-8 actually) to copy filtered resources, i.e. build is platform dependent!
2022-05-06 20:57:01,855 [Worker-24] INFO  o.e.m.c.i.embedder.EclipseLogger - Copying 0 resource
2022-05-06 20:58:29,787 [Worker-29] WARN  o.e.m.c.i.embedder.EclipseLogger - Using platform encoding (UTF-8 actually) to copy filtered resources, i.e. build is platform dependent!
2022-05-06 20:58:29,798 [Worker-29] INFO  o.e.m.c.i.embedder.EclipseLogger - Copying 18 resources
2022-05-06 20:58:29,805 [Worker-29] WARN  o.e.m.c.i.embedder.EclipseLogger - Using platform encoding (UTF-8 actually) to copy filtered resources, i.e. build is platform dependent!
2022-05-06 20:58:29,807 [Worker-29] INFO  o.e.m.c.i.embedder.EclipseLogger - Copying 0 resource
2022-05-06 20:59:19,825 [Worker-27] WARN  o.e.m.c.i.embedder.EclipseLogger - Using platform encoding (UTF-8 actually) to copy filtered resources, i.e. build is platform dependent!
2022-05-06 20:59:19,842 [Worker-27] INFO  o.e.m.c.i.embedder.EclipseLogger - Copying 18 resources
2022-05-06 20:59:19,851 [Worker-27] WARN  o.e.m.c.i.embedder.EclipseLogger - Using platform encoding (UTF-8 actually) to copy filtered resources, i.e. build is platform dependent!
2022-05-06 20:59:19,855 [Worker-27] INFO  o.e.m.c.i.embedder.EclipseLogger - Copying 0 resource
2022-05-06 20:59:20,956 [Worker-24] WARN  o.e.m.c.i.embedder.EclipseLogger - Using platform encoding (UTF-8 actually) to copy filtered resources, i.e. build is platform dependent!
2022-05-06 20:59:20,967 [Worker-24] INFO  o.e.m.c.i.embedder.EclipseLogger - Copying 18 resources
2022-05-06 20:59:20,974 [Worker-24] WARN  o.e.m.c.i.embedder.EclipseLogger - Using platform encoding (UTF-8 actually) to copy filtered resources, i.e. build is platform dependent!
2022-05-06 20:59:20,975 [Worker-24] INFO  o.e.m.c.i.embedder.EclipseLogger - Copying 0 resource
2022-05-06 20:59:22,045 [Worker-29] WARN  o.e.m.c.i.embedder.EclipseLogger - Using platform encoding (UTF-8 actually) to copy filtered resources, i.e. build is platform dependent!
2022-05-06 20:59:22,055 [Worker-29] INFO  o.e.m.c.i.embedder.EclipseLogger - Copying 18 resources
2022-05-06 20:59:22,063 [Worker-29] WARN  o.e.m.c.i.embedder.EclipseLogger - Using platform encoding (UTF-8 actually) to copy filtered resources, i.e. build is platform dependent!
2022-05-06 20:59:22,071 [Worker-29] INFO  o.e.m.c.i.embedder.EclipseLogger - Copying 0 resource
2022-05-06 20:59:23,182 [Worker-27] WARN  o.e.m.c.i.embedder.EclipseLogger - Using platform encoding (UTF-8 actually) to copy filtered resources, i.e. build is platform dependent!
2022-05-06 20:59:23,196 [Worker-27] INFO  o.e.m.c.i.embedder.EclipseLogger - Copying 18 resources
2022-05-06 20:59:23,208 [Worker-27] WARN  o.e.m.c.i.embedder.EclipseLogger - Using platform encoding (UTF-8 actually) to copy filtered resources, i.e. build is platform dependent!
2022-05-06 20:59:23,210 [Worker-27] INFO  o.e.m.c.i.embedder.EclipseLogger - Copying 0 resource
2022-05-06 21:04:01,327 [Worker-35] WARN  o.e.m.c.i.embedder.EclipseLogger - Using platform encoding (UTF-8 actually) to copy filtered resources, i.e. build is platform dependent!
2022-05-06 21:04:01,333 [Worker-35] INFO  o.e.m.c.i.embedder.EclipseLogger - Copying 1 resource
2022-05-06 21:04:01,344 [Worker-35] WARN  o.e.m.c.i.embedder.EclipseLogger - Using platform encoding (UTF-8 actually) to copy filtered resources, i.e. build is platform dependent!
2022-05-06 21:04:01,346 [Worker-35] INFO  o.e.m.c.i.embedder.EclipseLogger - Copying 0 resource
2022-05-08 23:24:40,809 [Worker-95] WARN  o.e.m.c.i.embedder.EclipseLogger - Using platform encoding (UTF-8 actually) to copy filtered resources, i.e. build is platform dependent!
2022-05-08 23:24:40,859 [Worker-95] INFO  o.e.m.c.i.embedder.EclipseLogger - Copying 1 resource
2022-05-08 23:24:40,873 [Worker-95] WARN  o.e.m.c.i.embedder.EclipseLogger - Using platform encoding (UTF-8 actually) to copy filtered resources, i.e. build is platform dependent!
2022-05-08 23:24:40,877 [Worker-95] INFO  o.e.m.c.i.embedder.EclipseLogger - Copying 0 resource
2022-05-09 16:31:49,954 [Worker-0] INFO  c.g.t.t.d.PublishedGradleVersions - Gradle version information cache is out-of-date. Trying to update.
2022-05-09 16:33:33,194 [Worker-2] WARN  o.e.m.c.i.embedder.EclipseLogger - Using platform encoding (UTF-8 actually) to copy filtered resources, i.e. build is platform dependent!
2022-05-09 16:33:33,218 [Worker-2] INFO  o.e.m.c.i.embedder.EclipseLogger - Copying 19 resources
2022-05-09 16:33:33,240 [Worker-2] WARN  o.e.m.c.i.embedder.EclipseLogger - Using platform encoding (UTF-8 actually) to copy filtered resources, i.e. build is platform dependent!
2022-05-09 16:33:33,243 [Worker-2] INFO  o.e.m.c.i.embedder.EclipseLogger - Copying 0 resource
2022-05-09 16:49:21,524 [Worker-29] INFO  o.e.m.c.i.l.LifecycleMappingFactory - Using org.maven.ide.eclipse.wtp.WarLifecycleMapping lifecycle mapping for MavenProject: 1234:myboard:1.0.0 @ C:\eGovFrameDev-3.7.0-64bit\boardself\myboard\pom.xml.
2022-05-09 16:49:25,043 [Worker-29] WARN  o.e.m.c.i.embedder.EclipseLogger - Using platform encoding (UTF-8 actually) to copy filtered resources, i.e. build is platform dependent!
2022-05-09 16:49:25,056 [Worker-29] INFO  o.e.m.c.i.embedder.EclipseLogger - Copying 0 resource
2022-05-09 16:49:25,065 [Worker-29] WARN  o.e.m.c.i.embedder.EclipseLogger - Using platform encoding (UTF-8 actually) to copy filtered resources, i.e. build is platform dependent!
2022-05-09 16:49:25,075 [Worker-29] INFO  o.e.m.c.i.embedder.EclipseLogger - Copying 0 resource
2022-05-09 16:49:25,081 [Worker-29] INFO  o.e.m.w.i.f.ResourceFilteringBuildParticipant - Changed resources require a complete clean of filtered resources of myboard
2022-05-09 16:49:25,083 [Worker-29] INFO  o.e.m.w.i.f.ResourceFilteringBuildParticipant - Executing resource filtering for myboard
2022-05-09 16:49:25,096 [Worker-29] WARN  o.e.m.c.i.embedder.EclipseLogger - Using platform encoding (UTF-8 actually) to copy filtered resources, i.e. build is platform dependent!
2022-05-09 16:49:41,492 [Worker-33] WARN  o.e.m.c.i.embedder.EclipseLogger - Using platform encoding (UTF-8 actually) to copy filtered resources, i.e. build is platform dependent!
2022-05-09 16:49:41,521 [Worker-33] INFO  o.e.m.c.i.embedder.EclipseLogger - Copying 19 resources
2022-05-09 16:49:41,647 [Worker-33] WARN  o.e.m.c.i.embedder.EclipseLogger - Using platform encoding (UTF-8 actually) to copy filtered resources, i.e. build is platform dependent!
2022-05-09 16:49:41,650 [Worker-33] INFO  o.e.m.c.i.embedder.EclipseLogger - Copying 0 resource
2022-05-09 16:52:30,169 [Worker-14] WARN  o.e.m.c.i.embedder.EclipseLogger - Using platform encoding (UTF-8 actually) to copy filtered resources, i.e. build is platform dependent!
2022-05-09 16:52:30,174 [Worker-14] INFO  o.e.m.c.i.embedder.EclipseLogger - Copying 1 resource
2022-05-09 16:52:30,181 [Worker-14] WARN  o.e.m.c.i.embedder.EclipseLogger - Using platform encoding (UTF-8 actually) to copy filtered resources, i.e. build is platform dependent!
2022-05-09 16:52:30,187 [Worker-14] INFO  o.e.m.c.i.embedder.EclipseLogger - Copying 0 resource
2022-05-09 16:53:45,093 [Worker-28] WARN  o.e.m.c.i.embedder.EclipseLogger - Using platform encoding (UTF-8 actually) to copy filtered resources, i.e. build is platform dependent!
2022-05-09 16:53:45,107 [Worker-28] INFO  o.e.m.c.i.embedder.EclipseLogger - Copying 18 resources
2022-05-09 16:53:45,120 [Worker-28] WARN  o.e.m.c.i.embedder.EclipseLogger - Using platform encoding (UTF-8 actually) to copy filtered resources, i.e. build is platform dependent!
2022-05-09 16:53:45,123 [Worker-28] INFO  o.e.m.c.i.embedder.EclipseLogger - Copying 0 resource
2022-05-09 16:54:42,043 [Worker-31] WARN  o.e.m.c.i.embedder.EclipseLogger - Using platform encoding (UTF-8 actually) to copy filtered resources, i.e. build is platform dependent!
2022-05-09 16:54:42,046 [Worker-31] INFO  o.e.m.c.i.embedder.EclipseLogger - Copying 1 resource
2022-05-09 16:54:42,054 [Worker-31] WARN  o.e.m.c.i.embedder.EclipseLogger - Using platform encoding (UTF-8 actually) to copy filtered resources, i.e. build is platform dependent!
2022-05-09 16:54:42,057 [Worker-31] INFO  o.e.m.c.i.embedder.EclipseLogger - Copying 0 resource
2022-05-09 17:00:35,380 [Worker-32] WARN  o.e.m.c.i.embedder.EclipseLogger - Using platform encoding (UTF-8 actually) to copy filtered resources, i.e. build is platform dependent!
2022-05-09 17:00:35,482 [Worker-32] INFO  o.e.m.c.i.embedder.EclipseLogger - Copying 1 resource
2022-05-09 17:00:35,492 [Worker-32] WARN  o.e.m.c.i.embedder.EclipseLogger - Using platform encoding (UTF-8 actually) to copy filtered resources, i.e. build is platform dependent!
2022-05-09 17:00:35,497 [Worker-32] INFO  o.e.m.c.i.embedder.EclipseLogger - Copying 0 resource
2022-05-09 17:19:30,782 [Worker-44] WARN  o.e.m.c.i.embedder.EclipseLogger - Using platform encoding (UTF-8 actually) to copy filtered resources, i.e. build is platform dependent!
2022-05-09 17:19:30,819 [Worker-44] INFO  o.e.m.c.i.embedder.EclipseLogger - Copying 0 resource
2022-05-09 17:19:30,828 [Worker-44] WARN  o.e.m.c.i.embedder.EclipseLogger - Using platform encoding (UTF-8 actually) to copy filtered resources, i.e. build is platform dependent!
2022-05-09 17:19:30,848 [Worker-44] INFO  o.e.m.c.i.embedder.EclipseLogger - Copying 0 resource
2022-05-09 17:42:24,049 [Worker-52] WARN  o.e.m.c.i.embedder.EclipseLogger - Using platform encoding (UTF-8 actually) to copy filtered resources, i.e. build is platform dependent!
2022-05-09 17:42:24,075 [Worker-52] INFO  o.e.m.c.i.embedder.EclipseLogger - Copying 1 resource
2022-05-09 17:42:24,084 [Worker-52] WARN  o.e.m.c.i.embedder.EclipseLogger - Using platform encoding (UTF-8 actually) to copy filtered resources, i.e. build is platform dependent!
2022-05-09 17:42:24,089 [Worker-52] INFO  o.e.m.c.i.embedder.EclipseLogger - Copying 0 resource
2022-05-09 17:43:12,893 [Worker-52] WARN  o.e.m.c.i.embedder.EclipseLogger - Using platform encoding (UTF-8 actually) to copy filtered resources, i.e. build is platform dependent!
2022-05-09 17:43:12,896 [Worker-52] INFO  o.e.m.c.i.embedder.EclipseLogger - Copying 1 resource
2022-05-09 17:43:12,905 [Worker-52] WARN  o.e.m.c.i.embedder.EclipseLogger - Using platform encoding (UTF-8 actually) to copy filtered resources, i.e. build is platform dependent!
2022-05-09 17:43:12,908 [Worker-52] INFO  o.e.m.c.i.embedder.EclipseLogger - Copying 0 resource
2022-05-09 17:52:02,477 [Worker-52] WARN  o.e.m.c.i.embedder.EclipseLogger - Using platform encoding (UTF-8 actually) to copy filtered resources, i.e. build is platform dependent!
2022-05-09 17:52:02,502 [Worker-52] INFO  o.e.m.c.i.embedder.EclipseLogger - Copying 0 resource
2022-05-09 17:52:02,508 [Worker-52] WARN  o.e.m.c.i.embedder.EclipseLogger - Using platform encoding (UTF-8 actually) to copy filtered resources, i.e. build is platform dependent!
2022-05-09 17:52:02,513 [Worker-52] INFO  o.e.m.c.i.embedder.EclipseLogger - Copying 0 resource
2022-05-09 17:52:03,562 [Worker-51] WARN  o.e.m.c.i.embedder.EclipseLogger - Using platform encoding (UTF-8 actually) to copy filtered resources, i.e. build is platform dependent!
2022-05-09 17:52:03,565 [Worker-51] INFO  o.e.m.c.i.embedder.EclipseLogger - Copying 0 resource
2022-05-09 17:52:03,567 [Worker-51] WARN  o.e.m.c.i.embedder.EclipseLogger - Using platform encoding (UTF-8 actually) to copy filtered resources, i.e. build is platform dependent!
2022-05-09 17:52:03,570 [Worker-51] INFO  o.e.m.c.i.embedder.EclipseLogger - Copying 0 resource
2022-05-09 17:52:14,177 [Worker-57] WARN  o.e.m.c.i.embedder.EclipseLogger - Using platform encoding (UTF-8 actually) to copy filtered resources, i.e. build is platform dependent!
2022-05-09 17:52:14,180 [Worker-57] INFO  o.e.m.c.i.embedder.EclipseLogger - Copying 0 resource
2022-05-09 17:52:14,195 [Worker-57] WARN  o.e.m.c.i.embedder.EclipseLogger - Using platform encoding (UTF-8 actually) to copy filtered resources, i.e. build is platform dependent!
2022-05-09 17:52:14,198 [Worker-57] INFO  o.e.m.c.i.embedder.EclipseLogger - Copying 0 resource
2022-05-09 18:08:14,371 [Worker-51] WARN  o.e.m.c.i.embedder.EclipseLogger - Using platform encoding (UTF-8 actually) to copy filtered resources, i.e. build is platform dependent!
2022-05-09 18:08:14,431 [Worker-51] INFO  o.e.m.c.i.embedder.EclipseLogger - Copying 18 resources
2022-05-09 18:08:14,454 [Worker-51] WARN  o.e.m.c.i.embedder.EclipseLogger - Using platform encoding (UTF-8 actually) to copy filtered resources, i.e. build is platform dependent!
2022-05-09 18:08:14,458 [Worker-51] INFO  o.e.m.c.i.embedder.EclipseLogger - Copying 0 resource
2022-05-09 18:26:28,467 [Worker-54] WARN  o.e.r.models.ModelRepository - Failed to download org.eclipse.recommenders:index::zip:0.0.0
org.eclipse.aether.resolution.ArtifactResolutionException: Could not find artifact org.eclipse.recommenders:index:zip:0.0.0-SNAPSHOT in models (http://download.eclipse.org/recommenders/models/neon/)
	at org.eclipse.aether.internal.impl.DefaultArtifactResolver.resolve(DefaultArtifactResolver.java:444) ~[na:na]
	at org.eclipse.aether.internal.impl.DefaultArtifactResolver.resolveArtifacts(DefaultArtifactResolver.java:246) ~[na:na]
	at org.eclipse.aether.internal.impl.DefaultArtifactResolver.resolveArtifact(DefaultArtifactResolver.java:223) ~[na:na]
	at org.eclipse.aether.internal.impl.DefaultRepositorySystem.resolveArtifact(DefaultRepositorySystem.java:294) ~[na:na]
	at org.eclipse.recommenders.models.ModelRepository.resolveInternal(ModelRepository.java:193) [org.eclipse.recommenders.models_2.4.6.v20170307-1041.jar:na]
	at org.eclipse.recommenders.models.ModelRepository.resolve(ModelRepository.java:172) [org.eclipse.recommenders.models_2.4.6.v20170307-1041.jar:na]
	at org.eclipse.recommenders.internal.models.rcp.EclipseModelRepository.resolve(EclipseModelRepository.java:169) [org.eclipse.recommenders.models.rcp_2.4.6.v20170307-1041.jar:na]
	at org.eclipse.recommenders.internal.models.rcp.DownloadModelArchiveJob.run(DownloadModelArchiveJob.java:76) [org.eclipse.recommenders.models.rcp_2.4.6.v20170307-1041.jar:na]
	at org.eclipse.core.internal.jobs.Worker.run(Worker.java:55) [org.eclipse.core.jobs_3.8.0.v20160509-0411.jar:na]
Caused by: org.eclipse.aether.transfer.ArtifactNotFoundException: Could not find artifact org.eclipse.recommenders:index:zip:0.0.0-SNAPSHOT in models (http://download.eclipse.org/recommenders/models/neon/)
	at org.eclipse.aether.connector.basic.ArtifactTransportListener.transferFailed(ArtifactTransportListener.java:39) ~[org.eclipse.aether.connector.basic_1.0.1.v20141111.jar:na]
	at org.eclipse.aether.connector.basic.BasicRepositoryConnector$TaskRunner.run(BasicRepositoryConnector.java:355) ~[org.eclipse.aether.connector.basic_1.0.1.v20141111.jar:na]
	at org.eclipse.aether.util.concurrency.RunnableErrorForwarder$1.run(RunnableErrorForwarder.java:67) ~[na:na]
	at org.eclipse.aether.connector.basic.BasicRepositoryConnector$DirectExecutor.execute(BasicRepositoryConnector.java:581) ~[org.eclipse.aether.connector.basic_1.0.1.v20141111.jar:na]
	at org.eclipse.aether.connector.basic.BasicRepositoryConnector.get(BasicRepositoryConnector.java:249) ~[org.eclipse.aether.connector.basic_1.0.1.v20141111.jar:na]
	at org.eclipse.aether.internal.impl.DefaultArtifactResolver.performDownloads(DefaultArtifactResolver.java:520) ~[na:na]
	at org.eclipse.aether.internal.impl.DefaultArtifactResolver.resolve(DefaultArtifactResolver.java:421) ~[na:na]
	... 8 common frames omitted
2022-05-09 18:26:59,312 [Worker-63] WARN  o.e.m.c.i.embedder.EclipseLogger - Using platform encoding (UTF-8 actually) to copy filtered resources, i.e. build is platform dependent!
2022-05-09 18:26:59,329 [Worker-63] INFO  o.e.m.c.i.embedder.EclipseLogger - Copying 18 resources
2022-05-09 18:26:59,344 [Worker-63] WARN  o.e.m.c.i.embedder.EclipseLogger - Using platform encoding (UTF-8 actually) to copy filtered resources, i.e. build is platform dependent!
2022-05-09 18:26:59,351 [Worker-63] INFO  o.e.m.c.i.embedder.EclipseLogger - Copying 0 resource
2022-05-09 18:29:38,899 [Worker-70] WARN  o.e.m.c.i.embedder.EclipseLogger - Using platform encoding (UTF-8 actually) to copy filtered resources, i.e. build is platform dependent!
2022-05-09 18:29:38,915 [Worker-70] INFO  o.e.m.c.i.embedder.EclipseLogger - Copying 18 resources
2022-05-09 18:29:38,932 [Worker-70] WARN  o.e.m.c.i.embedder.EclipseLogger - Using platform encoding (UTF-8 actually) to copy filtered resources, i.e. build is platform dependent!
2022-05-09 18:29:38,935 [Worker-70] INFO  o.e.m.c.i.embedder.EclipseLogger - Copying 0 resource
2022-05-09 18:31:19,991 [Worker-70] WARN  o.e.m.c.i.embedder.EclipseLogger - Using platform encoding (UTF-8 actually) to copy filtered resources, i.e. build is platform dependent!
2022-05-09 18:31:20,003 [Worker-70] INFO  o.e.m.c.i.embedder.EclipseLogger - Copying 18 resources
2022-05-09 18:31:20,017 [Worker-70] WARN  o.e.m.c.i.embedder.EclipseLogger - Using platform encoding (UTF-8 actually) to copy filtered resources, i.e. build is platform dependent!
2022-05-09 18:31:20,020 [Worker-70] INFO  o.e.m.c.i.embedder.EclipseLogger - Copying 0 resource
2022-05-09 18:33:00,826 [Worker-72] WARN  o.e.m.c.i.embedder.EclipseLogger - Using platform encoding (UTF-8 actually) to copy filtered resources, i.e. build is platform dependent!
2022-05-09 18:33:00,840 [Worker-72] INFO  o.e.m.c.i.embedder.EclipseLogger - Copying 18 resources
2022-05-09 18:33:00,849 [Worker-72] WARN  o.e.m.c.i.embedder.EclipseLogger - Using platform encoding (UTF-8 actually) to copy filtered resources, i.e. build is platform dependent!
2022-05-09 18:33:00,851 [Worker-72] INFO  o.e.m.c.i.embedder.EclipseLogger - Copying 0 resource
2022-05-09 18:35:15,058 [Worker-58] WARN  o.e.m.c.i.embedder.EclipseLogger - Using platform encoding (UTF-8 actually) to copy filtered resources, i.e. build is platform dependent!
2022-05-09 18:35:15,076 [Worker-58] INFO  o.e.m.c.i.embedder.EclipseLogger - Copying 18 resources
2022-05-09 18:35:15,095 [Worker-58] WARN  o.e.m.c.i.embedder.EclipseLogger - Using platform encoding (UTF-8 actually) to copy filtered resources, i.e. build is platform dependent!
2022-05-09 18:35:15,098 [Worker-58] INFO  o.e.m.c.i.embedder.EclipseLogger - Copying 0 resource
2022-05-09 18:35:24,211 [Worker-54] INFO  o.e.m.c.i.p.ProjectConfigurationManager - Update started
2022-05-09 18:35:33,794 [Worker-54] INFO  o.e.m.c.i.l.LifecycleMappingFactory - Using org.maven.ide.eclipse.wtp.WarLifecycleMapping lifecycle mapping for MavenProject: 1234:myboard:1.0.0 @ C:\eGovFrameDev-3.7.0-64bit\boardself\myboard\pom.xml.
2022-05-09 18:35:39,298 [Worker-54] INFO  o.e.m.j.i.AbstractJavaProjectConfigurator - Adding source folder /myboard/src/main/java
2022-05-09 18:35:39,300 [Worker-54] INFO  o.e.m.j.i.AbstractJavaProjectConfigurator - Adding resource folder /myboard/src/main/resources
2022-05-09 18:35:39,304 [Worker-54] INFO  o.e.m.j.i.AbstractJavaProjectConfigurator - Adding source folder /myboard/src/test/java
2022-05-09 18:35:39,305 [Worker-54] INFO  o.e.m.j.i.AbstractJavaProjectConfigurator - Adding resource folder /myboard/src/test/resources
2022-05-09 18:35:40,750 [Worker-54] INFO  o.e.m.w.i.f.ResourceFilteringBuildParticipant - Cleaning filtered folder for myboard
2022-05-09 18:35:40,764 [Worker-54] INFO  o.e.m.c.i.p.ProjectConfigurationManager - Update completed: 16 sec
2022-05-09 18:35:44,278 [Worker-75] WARN  o.e.m.c.i.embedder.EclipseLogger - Using platform encoding (UTF-8 actually) to copy filtered resources, i.e. build is platform dependent!
2022-05-09 18:35:44,287 [Worker-75] INFO  o.e.m.c.i.embedder.EclipseLogger - Copying 18 resources
2022-05-09 18:35:44,639 [Worker-75] WARN  o.e.m.c.i.embedder.EclipseLogger - Using platform encoding (UTF-8 actually) to copy filtered resources, i.e. build is platform dependent!
2022-05-09 18:35:44,645 [Worker-75] INFO  o.e.m.c.i.embedder.EclipseLogger - Copying 0 resource
2022-05-09 18:35:44,662 [Worker-75] INFO  o.e.m.w.i.f.ResourceFilteringBuildParticipant - Changed resources require a complete clean of filtered resources of myboard
2022-05-09 18:35:44,663 [Worker-75] INFO  o.e.m.w.i.f.ResourceFilteringBuildParticipant - Executing resource filtering for myboard
2022-05-09 18:35:44,700 [Worker-75] WARN  o.e.m.c.i.embedder.EclipseLogger - Using platform encoding (UTF-8 actually) to copy filtered resources, i.e. build is platform dependent!
2022-05-09 18:37:49,770 [Worker-70] WARN  o.e.m.c.i.embedder.EclipseLogger - Using platform encoding (UTF-8 actually) to copy filtered resources, i.e. build is platform dependent!
2022-05-09 18:37:49,779 [Worker-70] INFO  o.e.m.c.i.embedder.EclipseLogger - Copying 1 resource
2022-05-09 18:37:49,794 [Worker-70] WARN  o.e.m.c.i.embedder.EclipseLogger - Using platform encoding (UTF-8 actually) to copy filtered resources, i.e. build is platform dependent!
2022-05-09 18:37:49,796 [Worker-70] INFO  o.e.m.c.i.embedder.EclipseLogger - Copying 0 resource
2022-05-09 18:38:49,973 [Worker-76] WARN  o.e.m.c.i.embedder.EclipseLogger - Using platform encoding (UTF-8 actually) to copy filtered resources, i.e. build is platform dependent!
2022-05-09 18:38:49,977 [Worker-76] INFO  o.e.m.c.i.embedder.EclipseLogger - Copying 1 resource
2022-05-09 18:38:49,985 [Worker-76] WARN  o.e.m.c.i.embedder.EclipseLogger - Using platform encoding (UTF-8 actually) to copy filtered resources, i.e. build is platform dependent!
2022-05-09 18:38:49,990 [Worker-76] INFO  o.e.m.c.i.embedder.EclipseLogger - Copying 0 resource
2022-05-09 18:43:54,302 [Worker-63] WARN  o.e.m.c.i.embedder.EclipseLogger - Using platform encoding (UTF-8 actually) to copy filtered resources, i.e. build is platform dependent!
2022-05-09 18:43:54,324 [Worker-63] INFO  o.e.m.c.i.embedder.EclipseLogger - Copying 19 resources
2022-05-09 18:43:54,337 [Worker-63] WARN  o.e.m.c.i.embedder.EclipseLogger - Using platform encoding (UTF-8 actually) to copy filtered resources, i.e. build is platform dependent!
2022-05-09 18:43:54,339 [Worker-63] INFO  o.e.m.c.i.embedder.EclipseLogger - Copying 0 resource
2022-05-09 18:45:42,113 [Worker-68] WARN  o.e.m.c.i.embedder.EclipseLogger - Using platform encoding (UTF-8 actually) to copy filtered resources, i.e. build is platform dependent!
2022-05-09 18:45:42,137 [Worker-68] INFO  o.e.m.c.i.embedder.EclipseLogger - Copying 19 resources
2022-05-09 18:45:42,150 [Worker-68] WARN  o.e.m.c.i.embedder.EclipseLogger - Using platform encoding (UTF-8 actually) to copy filtered resources, i.e. build is platform dependent!
2022-05-09 18:45:42,153 [Worker-68] INFO  o.e.m.c.i.embedder.EclipseLogger - Copying 0 resource
2022-05-09 18:48:23,272 [Worker-78] WARN  o.e.m.c.i.embedder.EclipseLogger - Using platform encoding (UTF-8 actually) to copy filtered resources, i.e. build is platform dependent!
2022-05-09 18:48:23,276 [Worker-78] INFO  o.e.m.c.i.embedder.EclipseLogger - Copying 1 resource
2022-05-09 18:48:23,283 [Worker-78] WARN  o.e.m.c.i.embedder.EclipseLogger - Using platform encoding (UTF-8 actually) to copy filtered resources, i.e. build is platform dependent!
2022-05-09 18:48:23,286 [Worker-78] INFO  o.e.m.c.i.embedder.EclipseLogger - Copying 0 resource
2022-05-10 19:15:36,384 [Worker-0] INFO  c.g.t.t.d.PublishedGradleVersions - Gradle version information cache is up-to-date. Trying to read.
2022-05-10 20:21:33,191 [Worker-46] WARN  o.e.m.c.i.embedder.EclipseLogger - Using platform encoding (UTF-8 actually) to copy filtered resources, i.e. build is platform dependent!
2022-05-10 20:21:33,219 [Worker-46] INFO  o.e.m.c.i.embedder.EclipseLogger - Copying 19 resources
2022-05-10 20:21:33,270 [Worker-46] WARN  o.e.m.c.i.embedder.EclipseLogger - Using platform encoding (UTF-8 actually) to copy filtered resources, i.e. build is platform dependent!
2022-05-10 20:21:33,273 [Worker-46] INFO  o.e.m.c.i.embedder.EclipseLogger - Copying 0 resource
2022-05-10 20:27:07,979 [Worker-48] WARN  o.e.m.c.i.embedder.EclipseLogger - Using platform encoding (UTF-8 actually) to copy filtered resources, i.e. build is platform dependent!
2022-05-10 20:27:08,011 [Worker-48] INFO  o.e.m.c.i.embedder.EclipseLogger - Copying 1 resource
2022-05-10 20:27:08,019 [Worker-48] WARN  o.e.m.c.i.embedder.EclipseLogger - Using platform encoding (UTF-8 actually) to copy filtered resources, i.e. build is platform dependent!
2022-05-10 20:27:08,021 [Worker-48] INFO  o.e.m.c.i.embedder.EclipseLogger - Copying 0 resource
2022-05-10 20:28:27,520 [Worker-40] WARN  o.e.m.c.i.embedder.EclipseLogger - Using platform encoding (UTF-8 actually) to copy filtered resources, i.e. build is platform dependent!
2022-05-10 20:28:27,526 [Worker-40] INFO  o.e.m.c.i.embedder.EclipseLogger - Copying 1 resource
2022-05-10 20:28:27,538 [Worker-40] WARN  o.e.m.c.i.embedder.EclipseLogger - Using platform encoding (UTF-8 actually) to copy filtered resources, i.e. build is platform dependent!
2022-05-10 20:28:27,540 [Worker-40] INFO  o.e.m.c.i.embedder.EclipseLogger - Copying 0 resource
2022-05-10 20:36:32,176 [Worker-51] WARN  o.e.m.c.i.embedder.EclipseLogger - Using platform encoding (UTF-8 actually) to copy filtered resources, i.e. build is platform dependent!
2022-05-10 20:36:32,181 [Worker-51] INFO  o.e.m.c.i.embedder.EclipseLogger - Copying 1 resource
2022-05-10 20:36:32,189 [Worker-51] WARN  o.e.m.c.i.embedder.EclipseLogger - Using platform encoding (UTF-8 actually) to copy filtered resources, i.e. build is platform dependent!
2022-05-10 20:36:32,195 [Worker-51] INFO  o.e.m.c.i.embedder.EclipseLogger - Copying 0 resource
2022-05-10 20:38:01,490 [Worker-38] WARN  o.e.m.c.i.embedder.EclipseLogger - Using platform encoding (UTF-8 actually) to copy filtered resources, i.e. build is platform dependent!
2022-05-10 20:38:01,493 [Worker-38] INFO  o.e.m.c.i.embedder.EclipseLogger - Copying 1 resource
2022-05-10 20:38:01,503 [Worker-38] WARN  o.e.m.c.i.embedder.EclipseLogger - Using platform encoding (UTF-8 actually) to copy filtered resources, i.e. build is platform dependent!
2022-05-10 20:38:01,507 [Worker-38] INFO  o.e.m.c.i.embedder.EclipseLogger - Copying 0 resource
2022-05-10 20:40:37,776 [Worker-51] WARN  o.e.m.c.i.embedder.EclipseLogger - Using platform encoding (UTF-8 actually) to copy filtered resources, i.e. build is platform dependent!
2022-05-10 20:40:37,779 [Worker-51] INFO  o.e.m.c.i.embedder.EclipseLogger - Copying 1 resource
2022-05-10 20:40:37,787 [Worker-51] WARN  o.e.m.c.i.embedder.EclipseLogger - Using platform encoding (UTF-8 actually) to copy filtered resources, i.e. build is platform dependent!
2022-05-10 20:40:37,791 [Worker-51] INFO  o.e.m.c.i.embedder.EclipseLogger - Copying 0 resource
2022-05-10 20:42:56,616 [Worker-55] WARN  o.e.m.c.i.embedder.EclipseLogger - Using platform encoding (UTF-8 actually) to copy filtered resources, i.e. build is platform dependent!
2022-05-10 20:42:56,622 [Worker-55] INFO  o.e.m.c.i.embedder.EclipseLogger - Copying 1 resource
2022-05-10 20:42:56,633 [Worker-55] WARN  o.e.m.c.i.embedder.EclipseLogger - Using platform encoding (UTF-8 actually) to copy filtered resources, i.e. build is platform dependent!
2022-05-10 20:42:56,639 [Worker-55] INFO  o.e.m.c.i.embedder.EclipseLogger - Copying 0 resource
2022-05-11 20:19:16,348 [Worker-0] INFO  c.g.t.t.d.PublishedGradleVersions - Gradle version information cache is out-of-date. Trying to update.
2022-05-11 20:21:49,375 [Worker-27] WARN  o.e.m.c.i.embedder.EclipseLogger - Using platform encoding (UTF-8 actually) to copy filtered resources, i.e. build is platform dependent!
2022-05-11 20:21:49,408 [Worker-27] INFO  o.e.m.c.i.embedder.EclipseLogger - Copying 19 resources
2022-05-11 20:21:49,465 [Worker-27] WARN  o.e.m.c.i.embedder.EclipseLogger - Using platform encoding (UTF-8 actually) to copy filtered resources, i.e. build is platform dependent!
2022-05-11 20:21:49,468 [Worker-27] INFO  o.e.m.c.i.embedder.EclipseLogger - Copying 0 resource
2022-05-11 20:21:55,128 [Worker-24] WARN  o.e.m.c.i.embedder.EclipseLogger - Using platform encoding (UTF-8 actually) to copy filtered resources, i.e. build is platform dependent!
2022-05-11 20:21:55,151 [Worker-24] INFO  o.e.m.c.i.embedder.EclipseLogger - Copying 19 resources
2022-05-11 20:21:55,162 [Worker-24] WARN  o.e.m.c.i.embedder.EclipseLogger - Using platform encoding (UTF-8 actually) to copy filtered resources, i.e. build is platform dependent!
2022-05-11 20:21:55,165 [Worker-24] INFO  o.e.m.c.i.embedder.EclipseLogger - Copying 0 resource
2022-05-11 20:31:40,699 [Worker-31] WARN  o.e.r.models.ModelRepository - Failed to download org.eclipse.recommenders:index::zip:0.0.0
org.eclipse.aether.resolution.ArtifactResolutionException: Could not find artifact org.eclipse.recommenders:index:zip:0.0.0-SNAPSHOT in models (http://download.eclipse.org/recommenders/models/neon/)
	at org.eclipse.aether.internal.impl.DefaultArtifactResolver.resolve(DefaultArtifactResolver.java:444) ~[na:na]
	at org.eclipse.aether.internal.impl.DefaultArtifactResolver.resolveArtifacts(DefaultArtifactResolver.java:246) ~[na:na]
	at org.eclipse.aether.internal.impl.DefaultArtifactResolver.resolveArtifact(DefaultArtifactResolver.java:223) ~[na:na]
	at org.eclipse.aether.internal.impl.DefaultRepositorySystem.resolveArtifact(DefaultRepositorySystem.java:294) ~[na:na]
	at org.eclipse.recommenders.models.ModelRepository.resolveInternal(ModelRepository.java:193) [org.eclipse.recommenders.models_2.4.6.v20170307-1041.jar:na]
	at org.eclipse.recommenders.models.ModelRepository.resolve(ModelRepository.java:172) [org.eclipse.recommenders.models_2.4.6.v20170307-1041.jar:na]
	at org.eclipse.recommenders.internal.models.rcp.EclipseModelRepository.resolve(EclipseModelRepository.java:169) [org.eclipse.recommenders.models.rcp_2.4.6.v20170307-1041.jar:na]
	at org.eclipse.recommenders.internal.models.rcp.DownloadModelArchiveJob.run(DownloadModelArchiveJob.java:76) [org.eclipse.recommenders.models.rcp_2.4.6.v20170307-1041.jar:na]
	at org.eclipse.core.internal.jobs.Worker.run(Worker.java:55) [org.eclipse.core.jobs_3.8.0.v20160509-0411.jar:na]
Caused by: org.eclipse.aether.transfer.ArtifactNotFoundException: Could not find artifact org.eclipse.recommenders:index:zip:0.0.0-SNAPSHOT in models (http://download.eclipse.org/recommenders/models/neon/)
	at org.eclipse.aether.connector.basic.ArtifactTransportListener.transferFailed(ArtifactTransportListener.java:39) ~[org.eclipse.aether.connector.basic_1.0.1.v20141111.jar:na]
	at org.eclipse.aether.connector.basic.BasicRepositoryConnector$TaskRunner.run(BasicRepositoryConnector.java:355) ~[org.eclipse.aether.connector.basic_1.0.1.v20141111.jar:na]
	at org.eclipse.aether.util.concurrency.RunnableErrorForwarder$1.run(RunnableErrorForwarder.java:67) ~[na:na]
	at org.eclipse.aether.connector.basic.BasicRepositoryConnector$DirectExecutor.execute(BasicRepositoryConnector.java:581) ~[org.eclipse.aether.connector.basic_1.0.1.v20141111.jar:na]
	at org.eclipse.aether.connector.basic.BasicRepositoryConnector.get(BasicRepositoryConnector.java:249) ~[org.eclipse.aether.connector.basic_1.0.1.v20141111.jar:na]
	at org.eclipse.aether.internal.impl.DefaultArtifactResolver.performDownloads(DefaultArtifactResolver.java:520) ~[na:na]
	at org.eclipse.aether.internal.impl.DefaultArtifactResolver.resolve(DefaultArtifactResolver.java:421) ~[na:na]
	... 8 common frames omitted
2022-05-11 20:40:23,444 [Worker-34] WARN  o.e.m.c.i.embedder.EclipseLogger - Using platform encoding (UTF-8 actually) to copy filtered resources, i.e. build is platform dependent!
2022-05-11 20:40:23,465 [Worker-34] INFO  o.e.m.c.i.embedder.EclipseLogger - Copying 19 resources
2022-05-11 20:40:23,479 [Worker-34] WARN  o.e.m.c.i.embedder.EclipseLogger - Using platform encoding (UTF-8 actually) to copy filtered resources, i.e. build is platform dependent!
2022-05-11 20:40:23,481 [Worker-34] INFO  o.e.m.c.i.embedder.EclipseLogger - Copying 0 resource
2022-05-11 20:41:51,949 [Worker-36] WARN  o.e.m.c.i.embedder.EclipseLogger - Using platform encoding (UTF-8 actually) to copy filtered resources, i.e. build is platform dependent!
2022-05-11 20:41:51,961 [Worker-36] INFO  o.e.m.c.i.embedder.EclipseLogger - Copying 19 resources
2022-05-11 20:41:51,974 [Worker-36] WARN  o.e.m.c.i.embedder.EclipseLogger - Using platform encoding (UTF-8 actually) to copy filtered resources, i.e. build is platform dependent!
2022-05-11 20:41:51,976 [Worker-36] INFO  o.e.m.c.i.embedder.EclipseLogger - Copying 0 resource
2022-05-11 20:44:24,691 [Worker-36] WARN  o.e.m.c.i.embedder.EclipseLogger - Using platform encoding (UTF-8 actually) to copy filtered resources, i.e. build is platform dependent!
2022-05-11 20:44:24,711 [Worker-36] INFO  o.e.m.c.i.embedder.EclipseLogger - Copying 19 resources
2022-05-11 20:44:24,730 [Worker-36] WARN  o.e.m.c.i.embedder.EclipseLogger - Using platform encoding (UTF-8 actually) to copy filtered resources, i.e. build is platform dependent!
2022-05-11 20:44:24,732 [Worker-36] INFO  o.e.m.c.i.embedder.EclipseLogger - Copying 0 resource
2022-05-11 20:45:10,304 [Worker-38] WARN  o.e.m.c.i.embedder.EclipseLogger - Using platform encoding (UTF-8 actually) to copy filtered resources, i.e. build is platform dependent!
2022-05-11 20:45:10,307 [Worker-38] INFO  o.e.m.c.i.embedder.EclipseLogger - Copying 0 resource
2022-05-11 20:45:10,310 [Worker-38] WARN  o.e.m.c.i.embedder.EclipseLogger - Using platform encoding (UTF-8 actually) to copy filtered resources, i.e. build is platform dependent!
2022-05-11 20:45:10,313 [Worker-38] INFO  o.e.m.c.i.embedder.EclipseLogger - Copying 0 resource
2022-05-11 20:45:22,753 [Worker-38] WARN  o.e.m.c.i.embedder.EclipseLogger - Using platform encoding (UTF-8 actually) to copy filtered resources, i.e. build is platform dependent!
2022-05-11 20:45:22,757 [Worker-38] INFO  o.e.m.c.i.embedder.EclipseLogger - Copying 0 resource
2022-05-11 20:45:22,759 [Worker-38] WARN  o.e.m.c.i.embedder.EclipseLogger - Using platform encoding (UTF-8 actually) to copy filtered resources, i.e. build is platform dependent!
2022-05-11 20:45:22,762 [Worker-38] INFO  o.e.m.c.i.embedder.EclipseLogger - Copying 0 resource
2022-05-11 21:05:17,475 [Worker-45] WARN  o.e.m.c.i.embedder.EclipseLogger - Using platform encoding (UTF-8 actually) to copy filtered resources, i.e. build is platform dependent!
2022-05-11 21:05:17,562 [Worker-45] INFO  o.e.m.c.i.embedder.EclipseLogger - Copying 1 resource
2022-05-11 21:05:17,644 [Worker-45] WARN  o.e.m.c.i.embedder.EclipseLogger - Using platform encoding (UTF-8 actually) to copy filtered resources, i.e. build is platform dependent!
2022-05-11 21:05:17,647 [Worker-45] INFO  o.e.m.c.i.embedder.EclipseLogger - Copying 0 resource
2022-05-12 18:00:03,084 [Worker-103] WARN  o.e.m.c.i.embedder.EclipseLogger - Using platform encoding (UTF-8 actually) to copy filtered resources, i.e. build is platform dependent!
2022-05-12 18:00:03,178 [Worker-103] INFO  o.e.m.c.i.embedder.EclipseLogger - Copying 19 resources
2022-05-12 18:00:03,212 [Worker-103] WARN  o.e.m.c.i.embedder.EclipseLogger - Using platform encoding (UTF-8 actually) to copy filtered resources, i.e. build is platform dependent!
2022-05-12 18:00:03,222 [Worker-103] INFO  o.e.m.c.i.embedder.EclipseLogger - Copying 0 resource
2022-05-16 16:46:27,833 [Worker-0] INFO  c.g.t.t.d.PublishedGradleVersions - Gradle version information cache is out-of-date. Trying to update.
2022-05-16 16:46:29,296 [Worker-0] INFO  c.g.t.t.d.PublishedGradleVersions - Updating Gradle version information cache failed. Using outdated cache.
2022-05-16 16:51:36,043 [Worker-16] WARN  o.e.m.c.i.embedder.EclipseLogger - Using platform encoding (UTF-8 actually) to copy filtered resources, i.e. build is platform dependent!
2022-05-16 16:51:36,065 [Worker-16] INFO  o.e.m.c.i.embedder.EclipseLogger - Copying 19 resources
2022-05-16 16:51:36,100 [Worker-16] WARN  o.e.m.c.i.embedder.EclipseLogger - Using platform encoding (UTF-8 actually) to copy filtered resources, i.e. build is platform dependent!
2022-05-16 16:51:36,102 [Worker-16] INFO  o.e.m.c.i.embedder.EclipseLogger - Copying 0 resource
2022-05-16 16:56:24,729 [Worker-0] INFO  c.g.t.t.d.PublishedGradleVersions - Gradle version information cache is out-of-date. Trying to update.
2022-05-16 17:00:06,951 [Worker-0] WARN  o.e.m.c.i.embedder.EclipseLogger - Using platform encoding (UTF-8 actually) to copy filtered resources, i.e. build is platform dependent!
2022-05-16 17:00:06,967 [Worker-0] INFO  o.e.m.c.i.embedder.EclipseLogger - Copying 19 resources
2022-05-16 17:00:07,009 [Worker-0] WARN  o.e.m.c.i.embedder.EclipseLogger - Using platform encoding (UTF-8 actually) to copy filtered resources, i.e. build is platform dependent!
2022-05-16 17:00:07,013 [Worker-0] INFO  o.e.m.c.i.embedder.EclipseLogger - Copying 0 resource
2022-05-16 17:15:58,141 [Worker-19] WARN  o.e.m.c.i.embedder.EclipseLogger - Using platform encoding (UTF-8 actually) to copy filtered resources, i.e. build is platform dependent!
2022-05-16 17:15:58,181 [Worker-19] INFO  o.e.m.c.i.embedder.EclipseLogger - Copying 1 resource
2022-05-16 17:15:58,197 [Worker-19] WARN  o.e.m.c.i.embedder.EclipseLogger - Using platform encoding (UTF-8 actually) to copy filtered resources, i.e. build is platform dependent!
2022-05-16 17:15:58,198 [Worker-19] INFO  o.e.m.c.i.embedder.EclipseLogger - Copying 0 resource
2022-05-16 17:17:50,677 [Worker-21] WARN  o.e.m.c.i.embedder.EclipseLogger - Using platform encoding (UTF-8 actually) to copy filtered resources, i.e. build is platform dependent!
2022-05-16 17:17:50,681 [Worker-21] INFO  o.e.m.c.i.embedder.EclipseLogger - Copying 0 resource
2022-05-16 17:17:50,685 [Worker-21] WARN  o.e.m.c.i.embedder.EclipseLogger - Using platform encoding (UTF-8 actually) to copy filtered resources, i.e. build is platform dependent!
2022-05-16 17:17:50,689 [Worker-21] INFO  o.e.m.c.i.embedder.EclipseLogger - Copying 0 resource
2022-05-16 17:26:39,647 [Worker-21] WARN  o.e.r.models.ModelRepository - Failed to download org.eclipse.recommenders:index::zip:0.0.0
org.eclipse.aether.resolution.ArtifactResolutionException: Could not find artifact org.eclipse.recommenders:index:zip:0.0.0-SNAPSHOT in models (http://download.eclipse.org/recommenders/models/neon/)
	at org.eclipse.aether.internal.impl.DefaultArtifactResolver.resolve(DefaultArtifactResolver.java:444) ~[na:na]
	at org.eclipse.aether.internal.impl.DefaultArtifactResolver.resolveArtifacts(DefaultArtifactResolver.java:246) ~[na:na]
	at org.eclipse.aether.internal.impl.DefaultArtifactResolver.resolveArtifact(DefaultArtifactResolver.java:223) ~[na:na]
	at org.eclipse.aether.internal.impl.DefaultRepositorySystem.resolveArtifact(DefaultRepositorySystem.java:294) ~[na:na]
	at org.eclipse.recommenders.models.ModelRepository.resolveInternal(ModelRepository.java:193) [org.eclipse.recommenders.models_2.4.6.v20170307-1041.jar:na]
	at org.eclipse.recommenders.models.ModelRepository.resolve(ModelRepository.java:172) [org.eclipse.recommenders.models_2.4.6.v20170307-1041.jar:na]
	at org.eclipse.recommenders.internal.models.rcp.EclipseModelRepository.resolve(EclipseModelRepository.java:169) [org.eclipse.recommenders.models.rcp_2.4.6.v20170307-1041.jar:na]
	at org.eclipse.recommenders.internal.models.rcp.DownloadModelArchiveJob.run(DownloadModelArchiveJob.java:76) [org.eclipse.recommenders.models.rcp_2.4.6.v20170307-1041.jar:na]
	at org.eclipse.core.internal.jobs.Worker.run(Worker.java:55) [org.eclipse.core.jobs_3.8.0.v20160509-0411.jar:na]
Caused by: org.eclipse.aether.transfer.ArtifactNotFoundException: Could not find artifact org.eclipse.recommenders:index:zip:0.0.0-SNAPSHOT in models (http://download.eclipse.org/recommenders/models/neon/)
	at org.eclipse.aether.connector.basic.ArtifactTransportListener.transferFailed(ArtifactTransportListener.java:39) ~[org.eclipse.aether.connector.basic_1.0.1.v20141111.jar:na]
	at org.eclipse.aether.connector.basic.BasicRepositoryConnector$TaskRunner.run(BasicRepositoryConnector.java:355) ~[org.eclipse.aether.connector.basic_1.0.1.v20141111.jar:na]
	at org.eclipse.aether.util.concurrency.RunnableErrorForwarder$1.run(RunnableErrorForwarder.java:67) ~[na:na]
	at org.eclipse.aether.connector.basic.BasicRepositoryConnector$DirectExecutor.execute(BasicRepositoryConnector.java:581) ~[org.eclipse.aether.connector.basic_1.0.1.v20141111.jar:na]
	at org.eclipse.aether.connector.basic.BasicRepositoryConnector.get(BasicRepositoryConnector.java:249) ~[org.eclipse.aether.connector.basic_1.0.1.v20141111.jar:na]
	at org.eclipse.aether.internal.impl.DefaultArtifactResolver.performDownloads(DefaultArtifactResolver.java:520) ~[na:na]
	at org.eclipse.aether.internal.impl.DefaultArtifactResolver.resolve(DefaultArtifactResolver.java:421) ~[na:na]
	... 8 common frames omitted
2022-05-16 17:29:21,752 [Worker-16] WARN  o.e.m.c.i.embedder.EclipseLogger - Using platform encoding (UTF-8 actually) to copy filtered resources, i.e. build is platform dependent!
2022-05-16 17:29:21,845 [Worker-16] INFO  o.e.m.c.i.embedder.EclipseLogger - Copying 19 resources
2022-05-16 17:29:21,866 [Worker-16] WARN  o.e.m.c.i.embedder.EclipseLogger - Using platform encoding (UTF-8 actually) to copy filtered resources, i.e. build is platform dependent!
2022-05-16 17:29:21,868 [Worker-16] INFO  o.e.m.c.i.embedder.EclipseLogger - Copying 0 resource
2022-05-16 17:58:24,371 [Worker-25] WARN  o.e.m.c.i.embedder.EclipseLogger - Using platform encoding (UTF-8 actually) to copy filtered resources, i.e. build is platform dependent!
2022-05-16 17:58:24,389 [Worker-25] INFO  o.e.m.c.i.embedder.EclipseLogger - Copying 0 resource
2022-05-16 17:58:24,396 [Worker-25] WARN  o.e.m.c.i.embedder.EclipseLogger - Using platform encoding (UTF-8 actually) to copy filtered resources, i.e. build is platform dependent!
2022-05-16 17:58:24,398 [Worker-25] INFO  o.e.m.c.i.embedder.EclipseLogger - Copying 0 resource
2022-05-16 18:21:38,193 [Worker-50] WARN  o.e.m.c.i.embedder.EclipseLogger - Using platform encoding (UTF-8 actually) to copy filtered resources, i.e. build is platform dependent!
2022-05-16 18:21:38,206 [Worker-50] INFO  o.e.m.c.i.embedder.EclipseLogger - Copying 19 resources
2022-05-16 18:21:38,217 [Worker-50] WARN  o.e.m.c.i.embedder.EclipseLogger - Using platform encoding (UTF-8 actually) to copy filtered resources, i.e. build is platform dependent!
2022-05-16 18:21:38,219 [Worker-50] INFO  o.e.m.c.i.embedder.EclipseLogger - Copying 0 resource
2022-05-16 18:25:43,997 [Worker-51] WARN  o.e.m.c.i.embedder.EclipseLogger - Using platform encoding (UTF-8 actually) to copy filtered resources, i.e. build is platform dependent!
2022-05-16 18:25:44,010 [Worker-51] INFO  o.e.m.c.i.embedder.EclipseLogger - Copying 19 resources
2022-05-16 18:25:44,021 [Worker-51] WARN  o.e.m.c.i.embedder.EclipseLogger - Using platform encoding (UTF-8 actually) to copy filtered resources, i.e. build is platform dependent!
2022-05-16 18:25:44,023 [Worker-51] INFO  o.e.m.c.i.embedder.EclipseLogger - Copying 0 resource
2022-05-16 18:41:40,057 [Worker-57] WARN  o.e.m.c.i.embedder.EclipseLogger - Using platform encoding (UTF-8 actually) to copy filtered resources, i.e. build is platform dependent!
2022-05-16 18:41:40,099 [Worker-57] INFO  o.e.m.c.i.embedder.EclipseLogger - Copying 19 resources
2022-05-16 18:41:40,120 [Worker-57] WARN  o.e.m.c.i.embedder.EclipseLogger - Using platform encoding (UTF-8 actually) to copy filtered resources, i.e. build is platform dependent!
2022-05-16 18:41:40,123 [Worker-57] INFO  o.e.m.c.i.embedder.EclipseLogger - Copying 0 resource
2022-05-16 18:46:52,973 [Worker-62] WARN  o.e.m.c.i.embedder.EclipseLogger - Using platform encoding (UTF-8 actually) to copy filtered resources, i.e. build is platform dependent!
2022-05-16 18:46:52,980 [Worker-62] INFO  o.e.m.c.i.embedder.EclipseLogger - Copying 0 resource
2022-05-16 18:46:52,985 [Worker-62] WARN  o.e.m.c.i.embedder.EclipseLogger - Using platform encoding (UTF-8 actually) to copy filtered resources, i.e. build is platform dependent!
2022-05-16 18:46:52,997 [Worker-62] INFO  o.e.m.c.i.embedder.EclipseLogger - Copying 0 resource
2022-05-16 18:47:01,841 [Worker-65] WARN  o.e.m.c.i.embedder.EclipseLogger - Using platform encoding (UTF-8 actually) to copy filtered resources, i.e. build is platform dependent!
2022-05-16 18:47:01,867 [Worker-65] INFO  o.e.m.c.i.embedder.EclipseLogger - Copying 0 resource
2022-05-16 18:47:01,892 [Worker-65] WARN  o.e.m.c.i.embedder.EclipseLogger - Using platform encoding (UTF-8 actually) to copy filtered resources, i.e. build is platform dependent!
2022-05-16 18:47:01,896 [Worker-65] INFO  o.e.m.c.i.embedder.EclipseLogger - Copying 0 resource
2022-05-16 18:48:22,679 [Worker-69] WARN  o.e.m.c.i.embedder.EclipseLogger - Using platform encoding (UTF-8 actually) to copy filtered resources, i.e. build is platform dependent!
2022-05-16 18:48:22,683 [Worker-69] INFO  o.e.m.c.i.embedder.EclipseLogger - Copying 0 resource
2022-05-16 18:48:22,687 [Worker-69] WARN  o.e.m.c.i.embedder.EclipseLogger - Using platform encoding (UTF-8 actually) to copy filtered resources, i.e. build is platform dependent!
2022-05-16 18:48:22,691 [Worker-69] INFO  o.e.m.c.i.embedder.EclipseLogger - Copying 0 resource
2022-05-16 18:49:17,070 [Worker-64] WARN  o.e.m.c.i.embedder.EclipseLogger - Using platform encoding (UTF-8 actually) to copy filtered resources, i.e. build is platform dependent!
2022-05-16 18:49:17,073 [Worker-64] INFO  o.e.m.c.i.embedder.EclipseLogger - Copying 0 resource
2022-05-16 18:49:17,076 [Worker-64] WARN  o.e.m.c.i.embedder.EclipseLogger - Using platform encoding (UTF-8 actually) to copy filtered resources, i.e. build is platform dependent!
2022-05-16 18:49:17,078 [Worker-64] INFO  o.e.m.c.i.embedder.EclipseLogger - Copying 0 resource
2022-05-18 17:54:10,985 [Worker-141] WARN  o.e.m.c.i.embedder.EclipseLogger - Using platform encoding (UTF-8 actually) to copy filtered resources, i.e. build is platform dependent!
2022-05-18 17:54:11,009 [Worker-141] INFO  o.e.m.c.i.embedder.EclipseLogger - Copying 1 resource
2022-05-18 17:54:11,062 [Worker-141] WARN  o.e.m.c.i.embedder.EclipseLogger - Using platform encoding (UTF-8 actually) to copy filtered resources, i.e. build is platform dependent!
2022-05-18 17:54:11,065 [Worker-141] INFO  o.e.m.c.i.embedder.EclipseLogger - Copying 0 resource
2022-05-18 17:54:49,790 [Worker-137] WARN  o.e.m.c.i.embedder.EclipseLogger - Using platform encoding (UTF-8 actually) to copy filtered resources, i.e. build is platform dependent!
2022-05-18 17:54:49,809 [Worker-137] INFO  o.e.m.c.i.embedder.EclipseLogger - Copying 19 resources
2022-05-18 17:54:49,828 [Worker-137] WARN  o.e.m.c.i.embedder.EclipseLogger - Using platform encoding (UTF-8 actually) to copy filtered resources, i.e. build is platform dependent!
2022-05-18 17:54:49,831 [Worker-137] INFO  o.e.m.c.i.embedder.EclipseLogger - Copying 0 resource
2022-05-18 17:55:47,425 [Worker-142] WARN  o.e.m.c.i.embedder.EclipseLogger - Using platform encoding (UTF-8 actually) to copy filtered resources, i.e. build is platform dependent!
2022-05-18 17:55:47,438 [Worker-142] INFO  o.e.m.c.i.embedder.EclipseLogger - Copying 19 resources
2022-05-18 17:55:47,449 [Worker-142] WARN  o.e.m.c.i.embedder.EclipseLogger - Using platform encoding (UTF-8 actually) to copy filtered resources, i.e. build is platform dependent!
2022-05-18 17:55:47,451 [Worker-142] INFO  o.e.m.c.i.embedder.EclipseLogger - Copying 0 resource
2022-05-18 17:58:18,669 [Worker-140] WARN  o.e.m.c.i.embedder.EclipseLogger - Using platform encoding (UTF-8 actually) to copy filtered resources, i.e. build is platform dependent!
2022-05-18 17:58:18,688 [Worker-140] INFO  o.e.m.c.i.embedder.EclipseLogger - Copying 19 resources
2022-05-18 17:58:18,703 [Worker-140] WARN  o.e.m.c.i.embedder.EclipseLogger - Using platform encoding (UTF-8 actually) to copy filtered resources, i.e. build is platform dependent!
2022-05-18 17:58:18,705 [Worker-140] INFO  o.e.m.c.i.embedder.EclipseLogger - Copying 0 resource
2022-05-18 18:02:57,309 [Worker-145] WARN  o.e.m.c.i.embedder.EclipseLogger - Using platform encoding (UTF-8 actually) to copy filtered resources, i.e. build is platform dependent!
2022-05-18 18:02:57,322 [Worker-145] INFO  o.e.m.c.i.embedder.EclipseLogger - Copying 19 resources
2022-05-18 18:02:57,332 [Worker-145] WARN  o.e.m.c.i.embedder.EclipseLogger - Using platform encoding (UTF-8 actually) to copy filtered resources, i.e. build is platform dependent!
2022-05-18 18:02:57,334 [Worker-145] INFO  o.e.m.c.i.embedder.EclipseLogger - Copying 0 resource
2022-05-18 18:03:34,314 [Worker-137] WARN  o.e.m.c.i.embedder.EclipseLogger - Using platform encoding (UTF-8 actually) to copy filtered resources, i.e. build is platform dependent!
2022-05-18 18:03:34,331 [Worker-137] INFO  o.e.m.c.i.embedder.EclipseLogger - Copying 19 resources
2022-05-18 18:03:34,340 [Worker-137] WARN  o.e.m.c.i.embedder.EclipseLogger - Using platform encoding (UTF-8 actually) to copy filtered resources, i.e. build is platform dependent!
2022-05-18 18:03:34,342 [Worker-137] INFO  o.e.m.c.i.embedder.EclipseLogger - Copying 0 resource
2022-05-18 18:08:40,735 [Worker-147] WARN  o.e.m.c.i.embedder.EclipseLogger - Using platform encoding (UTF-8 actually) to copy filtered resources, i.e. build is platform dependent!
2022-05-18 18:08:40,737 [Worker-147] INFO  o.e.m.c.i.embedder.EclipseLogger - Copying 1 resource
2022-05-18 18:08:40,745 [Worker-147] WARN  o.e.m.c.i.embedder.EclipseLogger - Using platform encoding (UTF-8 actually) to copy filtered resources, i.e. build is platform dependent!
2022-05-18 18:08:40,747 [Worker-147] INFO  o.e.m.c.i.embedder.EclipseLogger - Copying 0 resource
2022-05-18 18:19:56,774 [Worker-154] WARN  o.e.m.c.i.embedder.EclipseLogger - Using platform encoding (UTF-8 actually) to copy filtered resources, i.e. build is platform dependent!
2022-05-18 18:19:56,793 [Worker-154] INFO  o.e.m.c.i.embedder.EclipseLogger - Copying 0 resource
2022-05-18 18:19:56,799 [Worker-154] WARN  o.e.m.c.i.embedder.EclipseLogger - Using platform encoding (UTF-8 actually) to copy filtered resources, i.e. build is platform dependent!
2022-05-18 18:19:56,801 [Worker-154] INFO  o.e.m.c.i.embedder.EclipseLogger - Copying 0 resource
2022-05-18 19:28:17,673 [Worker-170] WARN  o.e.m.c.i.embedder.EclipseLogger - Using platform encoding (UTF-8 actually) to copy filtered resources, i.e. build is platform dependent!
2022-05-18 19:28:17,688 [Worker-170] INFO  o.e.m.c.i.embedder.EclipseLogger - Copying 0 resource
2022-05-18 19:28:17,706 [Worker-170] WARN  o.e.m.c.i.embedder.EclipseLogger - Using platform encoding (UTF-8 actually) to copy filtered resources, i.e. build is platform dependent!
2022-05-18 19:28:17,711 [Worker-170] INFO  o.e.m.c.i.embedder.EclipseLogger - Copying 0 resource
2022-05-18 19:35:32,871 [Worker-174] WARN  o.e.m.c.i.embedder.EclipseLogger - Using platform encoding (UTF-8 actually) to copy filtered resources, i.e. build is platform dependent!
2022-05-18 19:35:32,898 [Worker-174] INFO  o.e.m.c.i.embedder.EclipseLogger - Copying 0 resource
2022-05-18 19:35:32,904 [Worker-174] WARN  o.e.m.c.i.embedder.EclipseLogger - Using platform encoding (UTF-8 actually) to copy filtered resources, i.e. build is platform dependent!
2022-05-18 19:35:32,907 [Worker-174] INFO  o.e.m.c.i.embedder.EclipseLogger - Copying 0 resource
2022-05-18 19:41:09,950 [Worker-180] WARN  o.e.m.c.i.embedder.EclipseLogger - Using platform encoding (UTF-8 actually) to copy filtered resources, i.e. build is platform dependent!
2022-05-18 19:41:09,972 [Worker-180] INFO  o.e.m.c.i.embedder.EclipseLogger - Copying 0 resource
2022-05-18 19:41:09,977 [Worker-180] WARN  o.e.m.c.i.embedder.EclipseLogger - Using platform encoding (UTF-8 actually) to copy filtered resources, i.e. build is platform dependent!
2022-05-18 19:41:09,984 [Worker-180] INFO  o.e.m.c.i.embedder.EclipseLogger - Copying 0 resource
2022-05-18 19:41:18,812 [Worker-181] WARN  o.e.m.c.i.embedder.EclipseLogger - Using platform encoding (UTF-8 actually) to copy filtered resources, i.e. build is platform dependent!
2022-05-18 19:41:18,815 [Worker-181] INFO  o.e.m.c.i.embedder.EclipseLogger - Copying 0 resource
2022-05-18 19:41:18,817 [Worker-181] WARN  o.e.m.c.i.embedder.EclipseLogger - Using platform encoding (UTF-8 actually) to copy filtered resources, i.e. build is platform dependent!
2022-05-18 19:41:18,820 [Worker-181] INFO  o.e.m.c.i.embedder.EclipseLogger - Copying 0 resource
2022-05-18 19:41:27,034 [Worker-170] WARN  o.e.m.c.i.embedder.EclipseLogger - Using platform encoding (UTF-8 actually) to copy filtered resources, i.e. build is platform dependent!
2022-05-18 19:41:27,037 [Worker-170] INFO  o.e.m.c.i.embedder.EclipseLogger - Copying 0 resource
2022-05-18 19:41:27,041 [Worker-170] WARN  o.e.m.c.i.embedder.EclipseLogger - Using platform encoding (UTF-8 actually) to copy filtered resources, i.e. build is platform dependent!
2022-05-18 19:41:27,048 [Worker-170] INFO  o.e.m.c.i.embedder.EclipseLogger - Copying 0 resource
2022-05-18 19:41:33,153 [Worker-170] WARN  o.e.m.c.i.embedder.EclipseLogger - Using platform encoding (UTF-8 actually) to copy filtered resources, i.e. build is platform dependent!
2022-05-18 19:41:33,155 [Worker-170] INFO  o.e.m.c.i.embedder.EclipseLogger - Copying 0 resource
2022-05-18 19:41:33,160 [Worker-170] WARN  o.e.m.c.i.embedder.EclipseLogger - Using platform encoding (UTF-8 actually) to copy filtered resources, i.e. build is platform dependent!
2022-05-18 19:41:33,163 [Worker-170] INFO  o.e.m.c.i.embedder.EclipseLogger - Copying 0 resource
2022-05-18 19:46:10,744 [Worker-182] WARN  o.e.m.c.i.embedder.EclipseLogger - Using platform encoding (UTF-8 actually) to copy filtered resources, i.e. build is platform dependent!
2022-05-18 19:46:10,750 [Worker-182] INFO  o.e.m.c.i.embedder.EclipseLogger - Copying 0 resource
2022-05-18 19:46:10,753 [Worker-182] WARN  o.e.m.c.i.embedder.EclipseLogger - Using platform encoding (UTF-8 actually) to copy filtered resources, i.e. build is platform dependent!
2022-05-18 19:46:10,760 [Worker-182] INFO  o.e.m.c.i.embedder.EclipseLogger - Copying 0 resource
2022-05-18 19:47:44,653 [Worker-183] WARN  o.e.m.c.i.embedder.EclipseLogger - Using platform encoding (UTF-8 actually) to copy filtered resources, i.e. build is platform dependent!
2022-05-18 19:47:44,655 [Worker-183] INFO  o.e.m.c.i.embedder.EclipseLogger - Copying 0 resource
2022-05-18 19:47:44,660 [Worker-183] WARN  o.e.m.c.i.embedder.EclipseLogger - Using platform encoding (UTF-8 actually) to copy filtered resources, i.e. build is platform dependent!
2022-05-18 19:47:44,662 [Worker-183] INFO  o.e.m.c.i.embedder.EclipseLogger - Copying 0 resource
2022-05-18 19:48:18,561 [Worker-184] WARN  o.e.m.c.i.embedder.EclipseLogger - Using platform encoding (UTF-8 actually) to copy filtered resources, i.e. build is platform dependent!
2022-05-18 19:48:18,564 [Worker-184] INFO  o.e.m.c.i.embedder.EclipseLogger - Copying 0 resource
2022-05-18 19:48:18,567 [Worker-184] WARN  o.e.m.c.i.embedder.EclipseLogger - Using platform encoding (UTF-8 actually) to copy filtered resources, i.e. build is platform dependent!
2022-05-18 19:48:18,572 [Worker-184] INFO  o.e.m.c.i.embedder.EclipseLogger - Copying 0 resource
2022-05-18 20:01:43,354 [Worker-184] WARN  o.e.m.c.i.embedder.EclipseLogger - Using platform encoding (UTF-8 actually) to copy filtered resources, i.e. build is platform dependent!
2022-05-18 20:01:43,407 [Worker-184] INFO  o.e.m.c.i.embedder.EclipseLogger - Copying 0 resource
2022-05-18 20:01:43,414 [Worker-184] WARN  o.e.m.c.i.embedder.EclipseLogger - Using platform encoding (UTF-8 actually) to copy filtered resources, i.e. build is platform dependent!
2022-05-18 20:01:43,417 [Worker-184] INFO  o.e.m.c.i.embedder.EclipseLogger - Copying 0 resource
2022-05-19 14:50:02,363 [Worker-1] INFO  c.g.t.t.d.PublishedGradleVersions - Gradle version information cache is up-to-date. Trying to read.
